<?xml version="1.0" encoding="UTF-8"?>
<!-- Generated by org.testng.reporters.JUnitXMLReporter -->
<testsuite hostname="Amar" ignored="0" name="Test1" tests="3" failures="0" timestamp="03 May 2022 11:57:34 GMT" time="117.44" errors="0">
  <testcase name="createorg" time="36.825" classname="com.VTiger.TestCases.TC01_CreateOrg"/>
  <testcase name="createorg_dd" time="33.682" classname="com.VTiger.TestCases.TC02_CreateOrg_DD"/>
  <testcase name="createcontact_org" time="65.075" classname="com.VTiger.TestCases.TC03_CreateContact_org"/>
</testsuite> <!-- Test1 -->
