<?xml version="1.0" encoding="UTF-8"?>
<!-- Generated by org.testng.reporters.JUnitXMLReporter -->
<testsuite hostname="Amar" ignored="0" name="Test" tests="3" failures="0" timestamp="03 May 2022 10:22:27 GMT" time="255.981" errors="0">
  <testcase name="createorg_dd" time="36.58" classname="com.VTiger.TestCases.TC02_CreateOrg_DD"/>
  <testcase name="createcontact_org" time="61.295" classname="com.VTiger.TestCases.TC03_CreateContact_org"/>
  <testcase name="createorg" time="34.927" classname="com.VTiger.TestCases.TC01_CreateOrg"/>
</testsuite> <!-- Test -->
