<?xml version="1.0" encoding="UTF-8"?>
<!-- Generated by org.testng.reporters.JUnitXMLReporter -->
<testsuite hostname="Amar" ignored="6" name="Test" tests="3" failures="0" timestamp="04 May 2022 07:35:22 GMT" time="89.454" errors="0">
  <testcase name="@BeforeMethod login" time="0.003" classname="com.Vtiger.genric.BaseClass">
    <failure type="java.lang.NullPointerException">
      <![CDATA[java.lang.NullPointerException
at org.openqa.selenium.support.pagefactory.DefaultElementLocator.findElement(DefaultElementLocator.java:70)
at org.openqa.selenium.support.pagefactory.internal.LocatingElementHandler.invoke(LocatingElementHandler.java:39)
at com.sun.proxy.$Proxy18.sendKeys(Unknown Source)
at com.Vtiger.ObjectRepo.LoginPage.logintoApp(LoginPage.java:51)
at com.Vtiger.genric.BaseClass.login(BaseClass.java:67)
... Removed 28 stack frames]]>
    </failure>
  </testcase> <!-- @BeforeMethod login -->
  <testcase name="@AfterMethod logout" time="0.0" classname="com.Vtiger.genric.BaseClass">
    <skipped/>
  </testcase> <!-- @AfterMethod logout -->
  <testcase name="@AfterClass closeBrowser" time="0.0" classname="com.Vtiger.genric.BaseClass">
    <skipped/>
  </testcase> <!-- @AfterClass closeBrowser -->
  <testcase name="@BeforeMethod login" time="0.004" classname="com.Vtiger.genric.BaseClass">
    <failure type="java.lang.NullPointerException">
      <![CDATA[java.lang.NullPointerException
at org.openqa.selenium.support.pagefactory.DefaultElementLocator.findElement(DefaultElementLocator.java:70)
at org.openqa.selenium.support.pagefactory.internal.LocatingElementHandler.invoke(LocatingElementHandler.java:39)
at com.sun.proxy.$Proxy18.sendKeys(Unknown Source)
at com.Vtiger.ObjectRepo.LoginPage.logintoApp(LoginPage.java:51)
at com.Vtiger.genric.BaseClass.login(BaseClass.java:67)
... Removed 28 stack frames]]>
    </failure>
  </testcase> <!-- @BeforeMethod login -->
  <testcase name="@AfterMethod logout" time="0.0" classname="com.Vtiger.genric.BaseClass">
    <skipped/>
  </testcase> <!-- @AfterMethod logout -->
  <testcase name="@AfterClass closeBrowser" time="0.0" classname="com.Vtiger.genric.BaseClass">
    <skipped/>
  </testcase> <!-- @AfterClass closeBrowser -->
  <testcase name="createorg_dd" time="39.059" classname="com.VTiger.TestCases.TC02_CreateOrg_DD"/>
  <testcase name="createorg" time="0.0" classname="com.VTiger.TestCases.TC01_CreateOrg">
    <skipped/>
  </testcase> <!-- createorg -->
  <testcase name="createcontact_org" time="0.0" classname="com.VTiger.TestCases.TC03_CreateContact_org">
    <skipped/>
  </testcase> <!-- createcontact_org -->
  <testcase name="@AfterSuite disConnectDB" time="0.0" classname="com.Vtiger.genric.BaseClass">
    <ignored/>
  </testcase> <!-- @AfterSuite disConnectDB -->
  <testcase name="@AfterSuite disConnectDB" time="0.0" classname="com.Vtiger.genric.BaseClass">
    <ignored/>
  </testcase> <!-- @AfterSuite disConnectDB -->
  <testcase name="@BeforeSuite connecttoDB" time="0.0" classname="com.Vtiger.genric.BaseClass">
    <ignored/>
  </testcase> <!-- @BeforeSuite connecttoDB -->
  <testcase name="@BeforeSuite connecttoDB" time="0.0" classname="com.Vtiger.genric.BaseClass">
    <ignored/>
  </testcase> <!-- @BeforeSuite connecttoDB -->
  <testcase name="@BeforeTest launchBrowser" time="0.0" classname="com.Vtiger.genric.BaseClass">
    <ignored/>
  </testcase> <!-- @BeforeTest launchBrowser -->
  <testcase name="@BeforeTest launchBrowser" time="0.0" classname="com.Vtiger.genric.BaseClass">
    <ignored/>
  </testcase> <!-- @BeforeTest launchBrowser -->
</testsuite> <!-- Test -->
