<?xml version="1.0" encoding="UTF-8"?>
<!-- Generated by org.testng.reporters.JUnitXMLReporter -->
<testsuite hostname="Amar" ignored="8" name="Test1" tests="1" failures="0" timestamp="03 May 2022 09:46:25 GMT" time="0.154" errors="0">
  <testcase name="testWebapp" time="0.048" classname="com.TESTNG.pac.Test1"/>
  <testcase name="testIOSapp" time="0.0" classname="com.TESTNG.pac.Test2">
    <ignored/>
  </testcase> <!-- testIOSapp -->
  <testcase name="testWebapp1" time="0.0" classname="com.TESTNG.pac.Test1">
    <ignored/>
  </testcase> <!-- testWebapp1 -->
  <testcase name="@BeforeSuite bs" time="0.0" classname="com.TESTNG.pac.Annotations">
    <ignored/>
  </testcase> <!-- @BeforeSuite bs -->
  <testcase name="testdesktopapp" time="0.0" classname="com.TESTNG.pac.Test2">
    <ignored/>
  </testcase> <!-- testdesktopapp -->
  <testcase name="@AfterTest at" time="0.0" classname="com.TESTNG.pac.Annotations">
    <ignored/>
  </testcase> <!-- @AfterTest at -->
  <testcase name="@BeforeTest bt" time="0.0" classname="com.TESTNG.pac.Annotations">
    <ignored/>
  </testcase> <!-- @BeforeTest bt -->
  <testcase name="@AfterSuite as" time="0.0" classname="com.TESTNG.pac.Annotations">
    <ignored/>
  </testcase> <!-- @AfterSuite as -->
  <testcase name="testAndroidapp" time="0.0" classname="com.TESTNG.pac.Test1">
    <ignored/>
  </testcase> <!-- testAndroidapp -->
</testsuite> <!-- Test1 -->
