<?xml version="1.0" encoding="UTF-8"?>
<!-- Generated by org.testng.reporters.JUnitXMLReporter -->
<testsuite hostname="Amar" ignored="4" name="Test2" tests="4" failures="0" timestamp="03 May 2022 07:58:40 GMT" time="0.079" errors="0">
  <testcase name="testAndroidapp" time="0.004" classname="com.TESTNG.pac.Test1"/>
  <testcase name="testWebapp" time="0.004" classname="com.TESTNG.pac.Test1"/>
  <testcase name="testIOSapp" time="0.005" classname="com.TESTNG.pac.Test2"/>
  <testcase name="testdesktopapp" time="0.003" classname="com.TESTNG.pac.Test2"/>
  <testcase name="@BeforeSuite bs" time="0.0" classname="com.TESTNG.pac.Annotations">
    <ignored/>
  </testcase> <!-- @BeforeSuite bs -->
  <testcase name="@AfterTest at" time="0.0" classname="com.TESTNG.pac.Annotations">
    <ignored/>
  </testcase> <!-- @AfterTest at -->
  <testcase name="@BeforeTest bt" time="0.0" classname="com.TESTNG.pac.Annotations">
    <ignored/>
  </testcase> <!-- @BeforeTest bt -->
  <testcase name="@AfterSuite as" time="0.0" classname="com.TESTNG.pac.Annotations">
    <ignored/>
  </testcase> <!-- @AfterSuite as -->
</testsuite> <!-- Test2 -->
