<?xml version="1.0" encoding="UTF-8"?>
<!-- Generated by org.testng.reporters.JUnitXMLReporter -->
<testsuite hostname="Amar" ignored="7" name="Test(failed)" tests="2" failures="0" timestamp="03 May 2022 09:56:49 GMT" time="0.153" errors="0">
  <testcase name="testdesktopapp" time="0.039" classname="com.TESTNG.pac.Test2"/>
  <testcase name="testWebapp" time="0.003" classname="com.TESTNG.pac.Test1"/>
  <testcase name="testIOSapp" time="0.0" classname="com.TESTNG.pac.Test2">
    <ignored/>
  </testcase> <!-- testIOSapp -->
  <testcase name="testWebapp1" time="0.0" classname="com.TESTNG.pac.Test1">
    <ignored/>
  </testcase> <!-- testWebapp1 -->
  <testcase name="@BeforeSuite bs" time="0.0" classname="com.TESTNG.pac.Annotations">
    <ignored/>
  </testcase> <!-- @BeforeSuite bs -->
  <testcase name="@AfterTest at" time="0.0" classname="com.TESTNG.pac.Annotations">
    <ignored/>
  </testcase> <!-- @AfterTest at -->
  <testcase name="@BeforeTest bt" time="0.0" classname="com.TESTNG.pac.Annotations">
    <ignored/>
  </testcase> <!-- @BeforeTest bt -->
  <testcase name="@AfterSuite as" time="0.0" classname="com.TESTNG.pac.Annotations">
    <ignored/>
  </testcase> <!-- @AfterSuite as -->
  <testcase name="testAndroidapp" time="0.0" classname="com.TESTNG.pac.Test1">
    <ignored/>
  </testcase> <!-- testAndroidapp -->
</testsuite> <!-- Test(failed) -->
