<?xml version="1.0" encoding="UTF-8"?>
<testng-results skipped="0" failed="0" ignored="0" total="3" passed="3">
  <reporter-output>
  </reporter-output>
  <suite name="Suite" duration-ms="117440" started-at="2022-05-03T11:55:37Z" finished-at="2022-05-03T11:57:34Z">
    <groups>
    </groups>
    <test name="Test1" duration-ms="117440" started-at="2022-05-03T11:55:37Z" finished-at="2022-05-03T11:57:34Z">
      <class name="com.VTiger.TestCases.TC01_CreateOrg">
        <test-method status="PASS" signature="launchBrowser()[pri:0, instance:com.VTiger.TestCases.TC01_CreateOrg@2f7c2f4f]" name="launchBrowser" is-config="true" duration-ms="30336" started-at="2022-05-03T11:55:37Z" finished-at="2022-05-03T11:56:07Z">
          <reporter-output>
          </reporter-output>
        </test-method> <!-- launchBrowser -->
        <test-method status="PASS" signature="login()[pri:0, instance:com.VTiger.TestCases.TC01_CreateOrg@2f7c2f4f]" name="login" is-config="true" duration-ms="13128" started-at="2022-05-03T11:56:07Z" finished-at="2022-05-03T11:56:20Z">
          <reporter-output>
          </reporter-output>
        </test-method> <!-- login -->
        <test-method status="PASS" signature="createorg(java.lang.String)[pri:0, instance:com.VTiger.TestCases.TC01_CreateOrg@2f7c2f4f]" name="createorg" duration-ms="36825" started-at="2022-05-03T11:56:20Z" finished-at="2022-05-03T11:56:57Z">
          <params>
            <param index="0">
              <value>
                <![CDATA[TYSSSS]]>
              </value>
            </param>
          </params>
          <reporter-output>
          </reporter-output>
        </test-method> <!-- createorg -->
        <test-method status="PASS" signature="logout()[pri:0, instance:com.VTiger.TestCases.TC01_CreateOrg@2f7c2f4f]" name="logout" is-config="true" duration-ms="6553" started-at="2022-05-03T11:56:57Z" finished-at="2022-05-03T11:57:04Z">
          <reporter-output>
          </reporter-output>
        </test-method> <!-- logout -->
        <test-method status="PASS" signature="closeBrowser()[pri:0, instance:com.VTiger.TestCases.TC01_CreateOrg@2f7c2f4f]" name="closeBrowser" is-config="true" duration-ms="16298" started-at="2022-05-03T11:57:04Z" finished-at="2022-05-03T11:57:20Z">
          <reporter-output>
          </reporter-output>
        </test-method> <!-- closeBrowser -->
      </class> <!-- com.VTiger.TestCases.TC01_CreateOrg -->
      <class name="com.VTiger.TestCases.TC02_CreateOrg_DD">
        <test-method status="PASS" signature="launchBrowser()[pri:0, instance:com.VTiger.TestCases.TC02_CreateOrg_DD@149e0f5d]" name="launchBrowser" is-config="true" duration-ms="30752" started-at="2022-05-03T11:55:37Z" finished-at="2022-05-03T11:56:08Z">
          <reporter-output>
          </reporter-output>
        </test-method> <!-- launchBrowser -->
        <test-method status="PASS" signature="login()[pri:0, instance:com.VTiger.TestCases.TC02_CreateOrg_DD@149e0f5d]" name="login" is-config="true" duration-ms="16651" started-at="2022-05-03T11:56:08Z" finished-at="2022-05-03T11:56:24Z">
          <reporter-output>
          </reporter-output>
        </test-method> <!-- login -->
        <test-method status="PASS" signature="createorg_dd()[pri:0, instance:com.VTiger.TestCases.TC02_CreateOrg_DD@149e0f5d]" name="createorg_dd" duration-ms="33682" started-at="2022-05-03T11:56:24Z" finished-at="2022-05-03T11:56:58Z">
          <reporter-output>
          </reporter-output>
        </test-method> <!-- createorg_dd -->
        <test-method status="PASS" signature="logout()[pri:0, instance:com.VTiger.TestCases.TC02_CreateOrg_DD@149e0f5d]" name="logout" is-config="true" duration-ms="6486" started-at="2022-05-03T11:56:58Z" finished-at="2022-05-03T11:57:05Z">
          <reporter-output>
          </reporter-output>
        </test-method> <!-- logout -->
        <test-method status="PASS" signature="closeBrowser()[pri:0, instance:com.VTiger.TestCases.TC02_CreateOrg_DD@149e0f5d]" name="closeBrowser" is-config="true" duration-ms="15503" started-at="2022-05-03T11:57:05Z" finished-at="2022-05-03T11:57:20Z">
          <reporter-output>
          </reporter-output>
        </test-method> <!-- closeBrowser -->
      </class> <!-- com.VTiger.TestCases.TC02_CreateOrg_DD -->
      <class name="com.VTiger.TestCases.TC03_CreateContact_org">
        <test-method status="PASS" signature="launchBrowser()[pri:0, instance:com.VTiger.TestCases.TC03_CreateContact_org@1b1473ab]" name="launchBrowser" is-config="true" duration-ms="27871" started-at="2022-05-03T11:55:37Z" finished-at="2022-05-03T11:56:05Z">
          <reporter-output>
          </reporter-output>
        </test-method> <!-- launchBrowser -->
        <test-method status="PASS" signature="login()[pri:0, instance:com.VTiger.TestCases.TC03_CreateContact_org@1b1473ab]" name="login" is-config="true" duration-ms="6045" started-at="2022-05-03T11:56:05Z" finished-at="2022-05-03T11:56:11Z">
          <reporter-output>
          </reporter-output>
        </test-method> <!-- login -->
        <test-method status="PASS" signature="createcontact_org()[pri:0, instance:com.VTiger.TestCases.TC03_CreateContact_org@1b1473ab]" name="createcontact_org" duration-ms="65075" started-at="2022-05-03T11:56:11Z" finished-at="2022-05-03T11:57:16Z">
          <reporter-output>
          </reporter-output>
        </test-method> <!-- createcontact_org -->
        <test-method status="PASS" signature="logout()[pri:0, instance:com.VTiger.TestCases.TC03_CreateContact_org@1b1473ab]" name="logout" is-config="true" duration-ms="4985" started-at="2022-05-03T11:57:16Z" finished-at="2022-05-03T11:57:21Z">
          <reporter-output>
          </reporter-output>
        </test-method> <!-- logout -->
        <test-method status="PASS" signature="closeBrowser()[pri:0, instance:com.VTiger.TestCases.TC03_CreateContact_org@1b1473ab]" name="closeBrowser" is-config="true" duration-ms="13354" started-at="2022-05-03T11:57:21Z" finished-at="2022-05-03T11:57:34Z">
          <reporter-output>
          </reporter-output>
        </test-method> <!-- closeBrowser -->
      </class> <!-- com.VTiger.TestCases.TC03_CreateContact_org -->
    </test> <!-- Test1 -->
  </suite> <!-- Suite -->
</testng-results>
