<?xml version="1.0" encoding="UTF-8"?>
<testng-results skipped="0" failed="0" ignored="0" total="1" passed="1">
  <reporter-output>
  </reporter-output>
  <suite name="Default suite" duration-ms="106864" started-at="2022-05-03T06:37:36Z" finished-at="2022-05-03T06:39:23Z">
    <groups>
    </groups>
    <test name="Default test" duration-ms="106864" started-at="2022-05-03T06:37:36Z" finished-at="2022-05-03T06:39:23Z">
      <class name="com.VTiger.TestCases.TC03_CreateContact_org">
        <test-method status="PASS" signature="createcontact_org()[pri:0, instance:com.VTiger.TestCases.TC03_CreateContact_org@60d8c9b7]" name="createcontact_org" duration-ms="106770" started-at="2022-05-03T06:37:36Z" finished-at="2022-05-03T06:39:23Z">
          <reporter-output>
          </reporter-output>
        </test-method> <!-- createcontact_org -->
      </class> <!-- com.VTiger.TestCases.TC03_CreateContact_org -->
    </test> <!-- Default test -->
  </suite> <!-- Default suite -->
</testng-results>
